<?xml version="1.0" encoding="UTF-8"?>
<!-- Generated by org.testng.reporters.JUnitReportReporter -->
<testsuite skipped="0" hostname="INLGYTKLH2" name="com.automationpractice.homepage.TC004_Verifyinglogindemositeexceldata" tests="4" failures="0" timestamp="02 Mar 2018 11:32:36 GMT" time="14.581" errors="0">
  <testcase name="loginsiteusingexceldata" time="4.299" classname="com.automationpractice.homepage.TC004_Verifyinglogindemositeexceldata"/>
  <testcase name="loginsiteusingexceldata" time="3.604" classname="com.automationpractice.homepage.TC004_Verifyinglogindemositeexceldata"/>
  <testcase name="loginsiteusingexceldata" time="3.027" classname="com.automationpractice.homepage.TC004_Verifyinglogindemositeexceldata"/>
  <testcase name="loginsiteusingexceldata" time="3.651" classname="com.automationpractice.homepage.TC004_Verifyinglogindemositeexceldata"/>
</testsuite> <!-- com.automationpractice.homepage.TC004_Verifyinglogindemositeexceldata -->
