<?xml version="1.0" encoding="UTF-8"?>
<!-- Generated by org.testng.reporters.JUnitReportReporter -->
<testsuite skipped="0" hostname="INLGYTKLH2" name="com.automationpractice.womenpage.TC005_VerifyingNavigationsMenu" tests="1" failures="0" timestamp="10 Mar 2018 10:39:13 GMT" time="5.637" errors="0">
  <testcase name="navigationmenu" time="5.637" classname="com.automationpractice.womenpage.TC005_VerifyingNavigationsMenu"/>
</testsuite> <!-- com.automationpractice.womenpage.TC005_VerifyingNavigationsMenu -->
