<?xml version="1.0" encoding="UTF-8"?>
<!-- Generated by org.testng.reporters.JUnitReportReporter -->
<testsuite skipped="0" hostname="INLGYTKLH2" name="com.automationpractice.homepage.TC003_VerifyingRegistrationPage" tests="3" failures="0" timestamp="08 Mar 2018 11:10:49 GMT" time="11.608" errors="0">
  <testcase name="verifyingaccountcreation" time="0.259" classname="com.automationpractice.homepage.TC003_VerifyingRegistrationPage"/>
  <testcase name="verifyingLoginpageInvalidCredentials" time="5.063" classname="com.automationpractice.homepage.TC003_VerifyingRegistrationPage"/>
  <testcase name="VerifyinguserRegistration" time="6.286" classname="com.automationpractice.homepage.TC003_VerifyingRegistrationPage"/>
</testsuite> <!-- com.automationpractice.homepage.TC003_VerifyingRegistrationPage -->
